c:\users\dillon kyle\desktop\flatengine\windows-x86_64\release\flatengine-core\flatengine-core.pdb
c:\users\dillon kyle\desktop\flatengine\intermediates\windows-x86_64\release\flatengine-core\canvas.obj
c:\users\dillon kyle\desktop\flatengine\intermediates\windows-x86_64\release\flatengine-core\camera.obj
c:\users\dillon kyle\desktop\flatengine\intermediates\windows-x86_64\release\flatengine-core\button.obj
c:\users\dillon kyle\desktop\flatengine\intermediates\windows-x86_64\release\flatengine-core\boxcollider.obj
c:\users\dillon kyle\desktop\flatengine\intermediates\windows-x86_64\release\flatengine-core\audio.obj
c:\users\dillon kyle\desktop\flatengine\intermediates\windows-x86_64\release\flatengine-core\assetmanager.obj
c:\users\dillon kyle\desktop\flatengine\intermediates\windows-x86_64\release\flatengine-core\application.obj
c:\users\dillon kyle\desktop\flatengine\intermediates\windows-x86_64\release\flatengine-core\animation.obj
c:\users\dillon kyle\desktop\flatengine\intermediates\windows-x86_64\release\flatengine-core\implot_items.obj
c:\users\dillon kyle\desktop\flatengine\intermediates\windows-x86_64\release\flatengine-core\implot_demo.obj
c:\users\dillon kyle\desktop\flatengine\intermediates\windows-x86_64\release\flatengine-core\implot.obj
c:\users\dillon kyle\desktop\flatengine\intermediates\windows-x86_64\release\flatengine-core\binary_to_compressed_c.obj
c:\users\dillon kyle\desktop\flatengine\intermediates\windows-x86_64\release\flatengine-core\imgui_stdlib.obj
c:\users\dillon kyle\desktop\flatengine\intermediates\windows-x86_64\release\flatengine-core\imgui_widgets.obj
c:\users\dillon kyle\desktop\flatengine\intermediates\windows-x86_64\release\flatengine-core\imgui_tables.obj
c:\users\dillon kyle\desktop\flatengine\intermediates\windows-x86_64\release\flatengine-core\imgui_draw.obj
c:\users\dillon kyle\desktop\flatengine\intermediates\windows-x86_64\release\flatengine-core\imgui_demo.obj
c:\users\dillon kyle\desktop\flatengine\intermediates\windows-x86_64\release\flatengine-core\imgui.obj
c:\users\dillon kyle\desktop\flatengine\intermediates\windows-x86_64\release\flatengine-core\imgui_impl_sdlrenderer2.obj
c:\users\dillon kyle\desktop\flatengine\intermediates\windows-x86_64\release\flatengine-core\imgui_impl_sdl2.obj
c:\users\dillon kyle\desktop\flatengine\intermediates\windows-x86_64\release\flatengine-core\scene.obj
c:\users\dillon kyle\desktop\flatengine\intermediates\windows-x86_64\release\flatengine-core\rigidbody.obj
c:\users\dillon kyle\desktop\flatengine\intermediates\windows-x86_64\release\flatengine-core\project.obj
c:\users\dillon kyle\desktop\flatengine\intermediates\windows-x86_64\release\flatengine-core\profilerprocess.obj
c:\users\dillon kyle\desktop\flatengine\intermediates\windows-x86_64\release\flatengine-core\profiler.obj
c:\users\dillon kyle\desktop\flatengine\intermediates\windows-x86_64\release\flatengine-core\prefabmanager.obj
c:\users\dillon kyle\desktop\flatengine\intermediates\windows-x86_64\release\flatengine-core\mappingcontext.obj
c:\users\dillon kyle\desktop\flatengine\intermediates\windows-x86_64\release\flatengine-core\luafunctions.obj
c:\users\dillon kyle\desktop\flatengine\intermediates\windows-x86_64\release\flatengine-core\logger.obj
c:\users\dillon kyle\desktop\flatengine\intermediates\windows-x86_64\release\flatengine-core\imguiwrapperscore.obj
c:\users\dillon kyle\desktop\flatengine\intermediates\windows-x86_64\release\flatengine-core\gameview.obj
c:\users\dillon kyle\desktop\flatengine\intermediates\windows-x86_64\release\flatengine-core\gameobject.obj
c:\users\dillon kyle\desktop\flatengine\intermediates\windows-x86_64\release\flatengine-core\gameloop.obj
c:\users\dillon kyle\desktop\flatengine\intermediates\windows-x86_64\release\flatengine-core\flatengine.obj
c:\users\dillon kyle\desktop\flatengine\intermediates\windows-x86_64\release\flatengine-core\ecsmanager.obj
c:\users\dillon kyle\desktop\flatengine\intermediates\windows-x86_64\release\flatengine-core\compositecollider.obj
c:\users\dillon kyle\desktop\flatengine\intermediates\windows-x86_64\release\flatengine-core\component.obj
c:\users\dillon kyle\desktop\flatengine\intermediates\windows-x86_64\release\flatengine-core\collider.obj
c:\users\dillon kyle\desktop\flatengine\intermediates\windows-x86_64\release\flatengine-core\circlecollider.obj
c:\users\dillon kyle\desktop\flatengine\intermediates\windows-x86_64\release\flatengine-core\charactercontroller.obj
c:\users\dillon kyle\desktop\flatengine\intermediates\windows-x86_64\release\flatengine-core\windowmanager.obj
c:\users\dillon kyle\desktop\flatengine\intermediates\windows-x86_64\release\flatengine-core\vector4.obj
c:\users\dillon kyle\desktop\flatengine\intermediates\windows-x86_64\release\flatengine-core\vector2.obj
c:\users\dillon kyle\desktop\flatengine\intermediates\windows-x86_64\release\flatengine-core\transform.obj
c:\users\dillon kyle\desktop\flatengine\intermediates\windows-x86_64\release\flatengine-core\tileset.obj
c:\users\dillon kyle\desktop\flatengine\intermediates\windows-x86_64\release\flatengine-core\tilemap.obj
c:\users\dillon kyle\desktop\flatengine\intermediates\windows-x86_64\release\flatengine-core\texture.obj
c:\users\dillon kyle\desktop\flatengine\intermediates\windows-x86_64\release\flatengine-core\text.obj
c:\users\dillon kyle\desktop\flatengine\intermediates\windows-x86_64\release\flatengine-core\taglist.obj
c:\users\dillon kyle\desktop\flatengine\intermediates\windows-x86_64\release\flatengine-core\sprite.obj
c:\users\dillon kyle\desktop\flatengine\intermediates\windows-x86_64\release\flatengine-core\sound.obj
c:\users\dillon kyle\desktop\flatengine\intermediates\windows-x86_64\release\flatengine-core\script.obj
c:\users\dillon kyle\desktop\flatengine\intermediates\windows-x86_64\release\flatengine-core\scenemanager.obj
c:\users\dillon kyle\desktop\flatengine\windows-x86_64\release\flatengine-core\flatengine-core.lib
c:\users\dillon kyle\desktop\flatengine\intermediates\windows-x86_64\release\flatengine-core\flatengine-core.tlog\cl.command.1.tlog
c:\users\dillon kyle\desktop\flatengine\intermediates\windows-x86_64\release\flatengine-core\flatengine-core.tlog\cl.items.tlog
c:\users\dillon kyle\desktop\flatengine\intermediates\windows-x86_64\release\flatengine-core\flatengine-core.tlog\cl.read.1.tlog
c:\users\dillon kyle\desktop\flatengine\intermediates\windows-x86_64\release\flatengine-core\flatengine-core.tlog\cl.write.1.tlog
c:\users\dillon kyle\desktop\flatengine\intermediates\windows-x86_64\release\flatengine-core\flatengine-core.tlog\lib-link.read.1.tlog
c:\users\dillon kyle\desktop\flatengine\intermediates\windows-x86_64\release\flatengine-core\flatengine-core.tlog\lib-link.write.1.tlog
c:\users\dillon kyle\desktop\flatengine\intermediates\windows-x86_64\release\flatengine-core\flatengine-core.tlog\lib.command.1.tlog
